<?xml version="1.0" encoding="UTF-8"?>
<testsuite name="com.hexcyper.chatbot.HexCyperChatBotApplicationTests" tests="1" skipped="0" failures="0" errors="0" timestamp="2024-01-05T18:58:52" hostname="DESKTOP-18JLHFK" time="1.035">
  <properties/>
  <testcase name="contextLoads()" classname="com.hexcyper.chatbot.HexCyperChatBotApplicationTests" time="1.035"/>
  <system-out><![CDATA[00:28:48.979 [Test worker] INFO org.springframework.test.context.support.AnnotationConfigContextLoaderUtils -- Could not detect default configuration classes for test class [com.hexcyper.chatbot.HexCyperChatBotApplicationTests]: HexCyperChatBotApplicationTests does not declare any static, non-private, non-final, nested classes annotated with @Configuration.
00:28:49.173 [Test worker] INFO org.springframework.boot.test.context.SpringBootTestContextBootstrapper -- Found @SpringBootConfiguration com.hexcyper.chatbot.HexCyperChatBotApplication for test class com.hexcyper.chatbot.HexCyperChatBotApplicationTests

  .   ____          _            __ _ _
 /\\ / ___'_ __ _ _(_)_ __  __ _ \ \ \ \
( ( )\___ | '_ | '_| | '_ \/ _` | \ \ \ \
 \\/  ___)| |_)| | | | | || (_| |  ) ) ) )
  '  |____| .__|_| |_|_| |_\__, | / / / /
 =========|_|==============|___/=/_/_/_/
 :: Spring Boot ::                (v3.2.0)

2024-01-06T00:28:49.901+05:30  INFO 5388 --- [    Test worker] c.h.c.HexCyperChatBotApplicationTests    : Starting HexCyperChatBotApplicationTests using Java 21.0.1 with PID 5388 (started by Aditya Ajith Kumar in C:\Users\Aditya Ajith Kumar\Downloads\HexCyper-main\HexCyper-main\chatbot\chatbot)
2024-01-06T00:28:49.905+05:30  INFO 5388 --- [    Test worker] c.h.c.HexCyperChatBotApplicationTests    : No active profile set, falling back to 1 default profile: "default"
2024-01-06T00:28:52.131+05:30  INFO 5388 --- [    Test worker] o.s.b.a.w.s.WelcomePageHandlerMapping    : Adding welcome page: class path resource [static/index.html]
2024-01-06T00:28:52.684+05:30  INFO 5388 --- [    Test worker] c.h.c.HexCyperChatBotApplicationTests    : Started HexCyperChatBotApplicationTests in 3.178 seconds (process running for 5.8)
]]></system-out>
  <system-err><![CDATA[WARNING: A Java agent has been loaded dynamically (C:\Users\Aditya Ajith Kumar\.gradle\caches\modules-2\files-2.1\net.bytebuddy\byte-buddy-agent\1.14.10\90ed94ac044ea8953b224304c762316e91fd6b31\byte-buddy-agent-1.14.10.jar)
WARNING: If a serviceability tool is in use, please run with -XX:+EnableDynamicAgentLoading to hide this warning
WARNING: If a serviceability tool is not in use, please run with -Djdk.instrument.traceUsage for more information
WARNING: Dynamic loading of agents will be disallowed by default in a future release
]]></system-err>
</testsuite>
